d:\ar48 api game\mega man game\x64\debug\vc143.pdb
d:\ar48 api game\mega man game\x64\debug\vc143.idb
d:\ar48 api game\mega man game\x64\debug\yatime.obj
d:\ar48 api game\mega man game\x64\debug\yatexture.obj
d:\ar48 api game\mega man game\x64\debug\yaresources.obj
d:\ar48 api game\mega man game\x64\debug\yaresource.obj
d:\ar48 api game\mega man game\x64\debug\yamath.obj
d:\ar48 api game\mega man game\x64\debug\yainput.obj
d:\ar48 api game\mega man game\x64\debug\yaentity.obj
d:\ar48 api game\mega man game\x64\debug\yacomponent.obj
d:\ar48 api game\mega man game\x64\debug\main.obj
d:\ar48 api game\mega man game\x64\debug\yatransform.obj
d:\ar48 api game\mega man game\x64\debug\yatitlescene.obj
d:\ar48 api game\mega man game\x64\debug\yaspriterenderer.obj
d:\ar48 api game\mega man game\x64\debug\yascenemanager.obj
d:\ar48 api game\mega man game\x64\debug\yascene.obj
d:\ar48 api game\mega man game\x64\debug\yaplayer.obj
d:\ar48 api game\mega man game\x64\debug\yalayer.obj
d:\ar48 api game\mega man game\x64\debug\yahomescene.obj
d:\ar48 api game\mega man game\x64\debug\yagameobject.obj
d:\ar48 api game\mega man game\x64\debug\yaendingscene.obj
d:\ar48 api game\mega man game\x64\debug\yacamera.obj
d:\ar48 api game\mega man game\x64\debug\yabackground.obj
d:\ar48 api game\mega man game\x64\debug\yaapplication.obj
d:\ar48 api game\mega man game\x64\debug\mega man game.ilk
d:\ar48 api game\x64\debug\mega man game.exe
d:\ar48 api game\x64\debug\mega man game.pdb
d:\ar48 api game\mega man game\x64\debug\client.res
d:\ar48 api game\mega man game\x64\debug\mega man game.tlog\cl.command.1.tlog
d:\ar48 api game\mega man game\x64\debug\mega man game.tlog\cl.read.1.tlog
d:\ar48 api game\mega man game\x64\debug\mega man game.tlog\cl.write.1.tlog
d:\ar48 api game\mega man game\x64\debug\mega man game.tlog\link.command.1.tlog
d:\ar48 api game\mega man game\x64\debug\mega man game.tlog\link.read.1.tlog
d:\ar48 api game\mega man game\x64\debug\mega man game.tlog\link.write.1.tlog
d:\ar48 api game\mega man game\x64\debug\mega man game.tlog\rc.command.1.tlog
d:\ar48 api game\mega man game\x64\debug\mega man game.tlog\rc.read.1.tlog
d:\ar48 api game\mega man game\x64\debug\mega man game.tlog\rc.write.1.tlog
